Removed Parameter @ qty:1500 from Part R3
Removed Parameter @ qty:1500 from Part R4
Removed Parameter Category:MOSFET from Part Q1
Removed Parameter Channel Mode:Enhancement from Part Q1
Removed Parameter Channel Type:N from Part Q1
Removed Parameter Composition:Thick Film from Part R3
Removed Parameter Composition:Thick Film from Part R4
Removed Parameter Datasheets:http://industrial.panasonic.com/www-cgi/jvcr13pz.cgi?E+PZ+3+AOA0002+ERJ6ENF1002V+7+WW from Part R3
Removed Parameter Datasheets:http://industrial.panasonic.com/www-cgi/jvcr13pz.cgi?E+PZ+3+AOA0002+ERJ6ENF5490V+7+WW from Part R4
Removed Parameter Datasheet URL:https://www.fairchildsemi.com/datasheets/BS/BSS123.pdf from Part Q1
Removed Parameter Datasheet Version:Jun-03 from Part Q1
Removed Parameter Digi-Key Part Number:P10.0KCCT-ND from Part R3
Removed Parameter Digi-Key Part Number:P549CCT-ND from Part R4
Removed Parameter Factory Stock:0 from Part R3
Removed Parameter Factory Stock:0 from Part R4
Removed Parameter Failure Rate:- from Part R3
Removed Parameter Failure Rate:- from Part R4
Removed Parameter Features:Automotive AEC-Q200 from Part R3
Removed Parameter Features:Automotive AEC-Q200 from Part R4
Removed Parameter Height - Seated (Max):0.028" (0.70mm) from Part R3
Removed Parameter Height - Seated (Max):0.028" (0.70mm) from Part R4
Removed Parameter Image://media.digikey.com/Renders/Panasonic%20Renders/ERJ-0805%20Pkg.jpg from Part R3
Removed Parameter Image://media.digikey.com/Renders/Panasonic%20Renders/ERJ-0805%20Pkg.jpg from Part R4
Removed Parameter Manufacturer URL:https://www.fairchildsemi.com/ from Part Q1
Removed Parameter Maximum Continuous Drain Current:0.17A from Part Q1
Removed Parameter Maximum Drain Source Voltage:100V from Part Q1
Removed Parameter Maximum Gate Source Voltage:±20V from Part Q1
Removed Parameter Minimum Quantity:1 from Part R3
Removed Parameter Minimum Quantity:1 from Part R4
Removed Parameter Mounting:SurfaceMount from Part Q1
Removed Parameter Number of Terminations:2 from Part R3
Removed Parameter Number of Terminations:2 from Part R4
Removed Parameter Operating Temperature:-55to150degC from Part Q1
Removed Parameter Operating Temperature:-55°C ~ 155°C from Part R3
Removed Parameter Operating Temperature:-55°C ~ 155°C from Part R4
Removed Parameter Package / Case:0805 (2012 Metric) from Part R3
Removed Parameter Package / Case:0805 (2012 Metric) from Part R4
Removed Parameter Package:3SOT-23 from Part Q1
Removed Parameter Package Description:3-Pin Small Outline Transistor, Body 2.92 x 1.325 mm, Pitch 0.95 mm from Part Q1
Removed Parameter Package Reference:SOT23-3 from Part Q1
Removed Parameter Package URL:http://www.fairchildsemi.com/dwg/MA/MA03D.pdf from Part Q1
Removed Parameter Package Version:Rev. 12, 03/2016 from Part Q1
Removed Parameter Packaging:Cut Tape (CT) from Part R3
Removed Parameter Packaging:Cut Tape (CT) from Part R4
Removed Parameter Packaging:Tape&Reel from Part Q1
Removed Parameter Parameter 1:Pull-down resistor on the gate line from Part R3
Removed Parameter Parameter 1:To AHT10 Sensor from Part P1
Removed Parameter Part Number:ERJ-6ENF1002V from Part R3
Removed Parameter Part Number:ERJ-6ENF5490V from Part R4
Removed Parameter Part Status:Active from Part R3
Removed Parameter Part Status:Active from Part R4
Removed Parameter Power (Watts):0.125W, 1/8W from Part R3
Removed Parameter Power (Watts):0.125W, 1/8W from Part R4
Removed Parameter Quantity Available:49191 from Part R4
Removed Parameter Quantity Available:3985614 from Part R3
Removed Parameter Rad Hard:No from Part Q1
Removed Parameter RDS-on:6000@10VmOhm from Part Q1
Removed Parameter Series:ERJ from Part R3
Removed Parameter Series:ERJ from Part R4
Removed Parameter Size / Dimension:0.079" L x 0.049" W (2.00mm x 1.25mm) from Part R3
Removed Parameter Size / Dimension:0.079" L x 0.049" W (2.00mm x 1.25mm) from Part R4
Removed Parameter Supplier Device Package:0805 from Part R3
Removed Parameter Supplier Device Package:0805 from Part R4
Removed Parameter Temperature Coefficient:±100ppm/°C from Part R3
Removed Parameter Temperature Coefficient:±100ppm/°C from Part R4
Removed Parameter Tolerance:±1% from Part R3
Removed Parameter Tolerance:±1% from Part R4
Removed Parameter Typical Fall Time:2.4ns from Part Q1
Removed Parameter Typical Rise Time:9ns from Part Q1
Removed Parameter Typical Turn-Off Delay Time:17ns from Part Q1
Removed Parameter Typical Turn-On Delay Time:1.7ns from Part Q1
Removed Parameter Unit Price (USD):0.00729 from Part R3
Removed Parameter Unit Price (USD):0.00729 from Part R4
